# JRE version: OpenJDK Runtime Environment Temurin-17.0.9+9 (17.0.9+9) (build 17.0.9+9)
# Java VM: OpenJDK 64-Bit Server VM Temurin-17.0.9+9 (17.0.9+9, mixed mode, emulated-client, tiered, compressed oops, compressed class ptrs, g1 gc, windows-amd64)
GC Precious Log:
 CPUs: 12 total, 12 available
 Memory: 6005M
 Large Page Support: Disabled
 NUMA Support: Disabled
 Compressed Oops: Enabled (32-bit)
 Heap Region Size: 1M
 Heap Min Capacity: 8M
 Heap Initial Capacity: 94M
 Heap Max Capacity: 1G
 Pre-touch: Disabled
 Parallel Workers: 10
 Concurrent Workers: 3
 Concurrent Refinement Workers: 10
 Periodic GC: Disabled
Heap:
 garbage-first heap   total 101376K, used 36463K [0x00000000c0000000, 0x0000000100000000)
  region size 1024K, 1 young (1024K), 0 survivors (0K)
 Metaspace       used 56960K, committed 57728K, reserved 1114112K
  class space    used 7034K, committed 7360K, reserved 1048576K
GC Heap History (20 events):
Event: 564.586 GC heap before
{Heap before GC invocations=62 (full 41):
 garbage-first heap   total 101376K, used 36463K [0x00000000c0000000, 0x0000000100000000)
  region size 1024K, 1 young (1024K), 0 survivors (0K)
 Metaspace       used 56960K, committed 57728K, reserved 1114112K
  class space    used 7034K, committed 7360K, reserved 1048576K
}
Event: 564.609 GC heap after
{Heap after GC invocations=63 (full 42):
 garbage-first heap   total 101376K, used 36463K [0x00000000c0000000, 0x0000000100000000)
  region size 1024K, 0 young (0K), 0 survivors (0K)
 Metaspace       used 56960K, committed 57728K, reserved 1114112K
  class space    used 7034K, committed 7360K, reserved 1048576K
}
Event: 574.791 GC heap before
{Heap before GC invocations=63 (full 42):
 garbage-first heap   total 101376K, used 36463K [0x00000000c0000000, 0x0000000100000000)
  region size 1024K, 1 young (1024K), 0 survivors (0K)
 Metaspace       used 56960K, committed 57728K, reserved 1114112K
  class space    used 7034K, committed 7360K, reserved 1048576K
}
Event: 574.819 GC heap after
{Heap after GC invocations=64 (full 43):
 garbage-first heap   total 101376K, used 36463K [0x00000000c0000000, 0x0000000100000000)
  region size 1024K, 0 young (0K), 0 survivors (0K)
 Metaspace       used 56960K, committed 57728K, reserved 1114112K
  class space    used 7034K, committed 7360K, reserved 1048576K
}
Event: 585.001 GC heap before
{Heap before GC invocations=64 (full 43):
 garbage-first heap   total 101376K, used 36463K [0x00000000c0000000, 0x0000000100000000)
  region size 1024K, 1 young (1024K), 0 survivors (0K)
 Metaspace       used 56960K, committed 57728K, reserved 1114112K
  class space    used 7034K, committed 7360K, reserved 1048576K
}
Event: 585.024 GC heap after
{Heap after GC invocations=65 (full 44):
 garbage-first heap   total 101376K, used 36463K [0x00000000c0000000, 0x0000000100000000)
  region size 1024K, 0 young (0K), 0 survivors (0K)
 Metaspace       used 56960K, committed 57728K, reserved 1114112K
  class space    used 7034K, committed 7360K, reserved 1048576K
}
Event: 595.217 GC heap before
{Heap before GC invocations=65 (full 44):
 garbage-first heap   total 101376K, used 36463K [0x00000000c0000000, 0x0000000100000000)
  region size 1024K, 1 young (1024K), 0 survivors (0K)
 Metaspace       used 56960K, committed 57728K, reserved 1114112K
  class space    used 7034K, committed 7360K, reserved 1048576K
}
Event: 595.244 GC heap after
{Heap after GC invocations=66 (full 45):
 garbage-first heap   total 101376K, used 36463K [0x00000000c0000000, 0x0000000100000000)
  region size 1024K, 0 young (0K), 0 survivors (0K)
 Metaspace       used 56960K, committed 57728K, reserved 1114112K
  class space    used 7034K, committed 7360K, reserved 1048576K
}
Event: 605.424 GC heap before
{Heap before GC invocations=66 (full 45):
 garbage-first heap   total 101376K, used 36463K [0x00000000c0000000, 0x0000000100000000)
  region size 1024K, 1 young (1024K), 0 survivors (0K)
 Metaspace       used 56960K, committed 57728K, reserved 1114112K
  class space    used 7034K, committed 7360K, reserved 1048576K
}
Event: 605.447 GC heap after
{Heap after GC invocations=67 (full 46):
 garbage-first heap   total 101376K, used 36463K [0x00000000c0000000, 0x0000000100000000)
  region size 1024K, 0 young (0K), 0 survivors (0K)
 Metaspace       used 56960K, committed 57728K, reserved 1114112K
  class space    used 7034K, committed 7360K, reserved 1048576K
}
Event: 615.637 GC heap before
{Heap before GC invocations=67 (full 46):
 garbage-first heap   total 101376K, used 36463K [0x00000000c0000000, 0x0000000100000000)
  region size 1024K, 1 young (1024K), 0 survivors (0K)
 Metaspace       used 56960K, committed 57728K, reserved 1114112K
  class space    used 7034K, committed 7360K, reserved 1048576K
}
Event: 615.659 GC heap after
{Heap after GC invocations=68 (full 47):
 garbage-first heap   total 101376K, used 36463K [0x00000000c0000000, 0x0000000100000000)
  region size 1024K, 0 young (0K), 0 survivors (0K)
 Metaspace       used 56960K, committed 57728K, reserved 1114112K
  class space    used 7034K, committed 7360K, reserved 1048576K
}
Event: 625.831 GC heap before
{Heap before GC invocations=68 (full 47):
 garbage-first heap   total 101376K, used 36463K [0x00000000c0000000, 0x0000000100000000)
  region size 1024K, 1 young (1024K), 0 survivors (0K)
 Metaspace       used 56960K, committed 57728K, reserved 1114112K
  class space    used 7034K, committed 7360K, reserved 1048576K
}
Event: 625.853 GC heap after
{Heap after GC invocations=69 (full 48):
 garbage-first heap   total 101376K, used 36463K [0x00000000c0000000, 0x0000000100000000)
  region size 1024K, 0 young (0K), 0 survivors (0K)
 Metaspace       used 56960K, committed 57728K, reserved 1114112K
  class space    used 7034K, committed 7360K, reserved 1048576K
}
Event: 636.073 GC heap before
{Heap before GC invocations=69 (full 48):
 garbage-first heap   total 101376K, used 36463K [0x00000000c0000000, 0x0000000100000000)
  region size 1024K, 1 young (1024K), 0 survivors (0K)
 Metaspace       used 56960K, committed 57728K, reserved 1114112K
  class space    used 7034K, committed 7360K, reserved 1048576K
}
Event: 636.101 GC heap after
{Heap after GC invocations=70 (full 49):
 garbage-first heap   total 101376K, used 36463K [0x00000000c0000000, 0x0000000100000000)
  region size 1024K, 0 young (0K), 0 survivors (0K)
 Metaspace       used 56960K, committed 57728K, reserved 1114112K
  class space    used 7034K, committed 7360K, reserved 1048576K
}
Event: 646.284 GC heap before
{Heap before GC invocations=70 (full 49):
 garbage-first heap   total 101376K, used 36463K [0x00000000c0000000, 0x0000000100000000)
  region size 1024K, 1 young (1024K), 0 survivors (0K)
 Metaspace       used 56960K, committed 57728K, reserved 1114112K
  class space    used 7034K, committed 7360K, reserved 1048576K
}
Event: 646.308 GC heap after
{Heap after GC invocations=71 (full 50):
 garbage-first heap   total 101376K, used 36463K [0x00000000c0000000, 0x0000000100000000)
  region size 1024K, 0 young (0K), 0 survivors (0K)
 Metaspace       used 56960K, committed 57728K, reserved 1114112K
  class space    used 7034K, committed 7360K, reserved 1048576K
}
Event: 656.480 GC heap before
{Heap before GC invocations=71 (full 50):
 garbage-first heap   total 101376K, used 36463K [0x00000000c0000000, 0x0000000100000000)
  region size 1024K, 1 young (1024K), 0 survivors (0K)
 Metaspace       used 56960K, committed 57728K, reserved 1114112K
  class space    used 7034K, committed 7360K, reserved 1048576K
}
Event: 656.504 GC heap after
{Heap after GC invocations=72 (full 51):
 garbage-first heap   total 101376K, used 36463K [0x00000000c0000000, 0x0000000100000000)
  region size 1024K, 0 young (0K), 0 survivors (0K)
 Metaspace       used 56960K, committed 57728K, reserved 1114112K
  class space    used 7034K, committed 7360K, reserved 1048576K
}

