# JRE version: OpenJDK Runtime Environment Corretto-17.0.9.8.1 (17.0.9+8) (build 17.0.9+8-LTS)
# Java VM: OpenJDK 64-Bit Server VM Corretto-17.0.9.8.1 (17.0.9+8-LTS, mixed mode, sharing, tiered, compressed oops, compressed class ptrs, g1 gc, windows-amd64)
GC Precious Log:
 CPUs: 12 total, 12 available
 Memory: 6005M
 Large Page Support: Disabled
 NUMA Support: Disabled
 Compressed Oops: Enabled (32-bit)
 Heap Region Size: 1M
 Heap Min Capacity: 8M
 Heap Initial Capacity: 94M
 Heap Max Capacity: 1502M
 Pre-touch: Disabled
 Parallel Workers: 10
 Concurrent Workers: 3
 Concurrent Refinement Workers: 10
 Periodic GC: Disabled
Heap:
 garbage-first heap   total 97280K, used 55591K [0x00000000a2200000, 0x0000000100000000)
  region size 1024K, 29 young (29696K), 6 survivors (6144K)
 Metaspace       used 77479K, committed 78080K, reserved 1179648K
  class space    used 10649K, committed 10944K, reserved 1048576K
GC Heap History (20 events):
Event: 8.401 GC heap before
{Heap before GC invocations=9 (full 0):
 garbage-first heap   total 51200K, used 38255K [0x00000000a2200000, 0x0000000100000000)
  region size 1024K, 21 young (21504K), 2 survivors (2048K)
 Metaspace       used 43672K, committed 44096K, reserved 1114112K
  class space    used 5714K, committed 5888K, reserved 1048576K
}
Event: 8.405 GC heap after
{Heap after GC invocations=10 (full 0):
 garbage-first heap   total 51200K, used 21031K [0x00000000a2200000, 0x0000000100000000)
  region size 1024K, 3 young (3072K), 3 survivors (3072K)
 Metaspace       used 43672K, committed 44096K, reserved 1114112K
  class space    used 5714K, committed 5888K, reserved 1048576K
}
Event: 8.436 GC heap before
{Heap before GC invocations=10 (full 0):
 garbage-first heap   total 51200K, used 22055K [0x00000000a2200000, 0x0000000100000000)
  region size 1024K, 4 young (4096K), 3 survivors (3072K)
 Metaspace       used 43958K, committed 44416K, reserved 1114112K
  class space    used 5750K, committed 5952K, reserved 1048576K
}
Event: 8.440 GC heap after
{Heap after GC invocations=11 (full 0):
 garbage-first heap   total 51200K, used 21141K [0x00000000a2200000, 0x0000000100000000)
  region size 1024K, 1 young (1024K), 1 survivors (1024K)
 Metaspace       used 43958K, committed 44416K, reserved 1114112K
  class space    used 5750K, committed 5952K, reserved 1048576K
}
Event: 8.986 GC heap before
{Heap before GC invocations=11 (full 0):
 garbage-first heap   total 51200K, used 37525K [0x00000000a2200000, 0x0000000100000000)
  region size 1024K, 18 young (18432K), 1 survivors (1024K)
 Metaspace       used 47967K, committed 48448K, reserved 1114112K
  class space    used 6244K, committed 6464K, reserved 1048576K
}
Event: 8.988 GC heap after
{Heap after GC invocations=12 (full 0):
 garbage-first heap   total 68608K, used 21711K [0x00000000a2200000, 0x0000000100000000)
  region size 1024K, 2 young (2048K), 2 survivors (2048K)
 Metaspace       used 47967K, committed 48448K, reserved 1114112K
  class space    used 6244K, committed 6464K, reserved 1048576K
}
Event: 9.799 GC heap before
{Heap before GC invocations=12 (full 0):
 garbage-first heap   total 68608K, used 51407K [0x00000000a2200000, 0x0000000100000000)
  region size 1024K, 31 young (31744K), 2 survivors (2048K)
 Metaspace       used 55913K, committed 56448K, reserved 1114112K
  class space    used 7559K, committed 7808K, reserved 1048576K
}
Event: 9.802 GC heap after
{Heap after GC invocations=13 (full 0):
 garbage-first heap   total 68608K, used 22805K [0x00000000a2200000, 0x0000000100000000)
  region size 1024K, 3 young (3072K), 3 survivors (3072K)
 Metaspace       used 55913K, committed 56448K, reserved 1114112K
  class space    used 7559K, committed 7808K, reserved 1048576K
}
Event: 10.406 GC heap before
{Heap before GC invocations=13 (full 0):
 garbage-first heap   total 68608K, used 45333K [0x00000000a2200000, 0x0000000100000000)
  region size 1024K, 26 young (26624K), 3 survivors (3072K)
 Metaspace       used 59637K, committed 60096K, reserved 1114112K
  class space    used 8030K, committed 8256K, reserved 1048576K
}
Event: 10.410 GC heap after
{Heap after GC invocations=14 (full 0):
 garbage-first heap   total 68608K, used 24537K [0x00000000a2200000, 0x0000000100000000)
  region size 1024K, 4 young (4096K), 4 survivors (4096K)
 Metaspace       used 59637K, committed 60096K, reserved 1114112K
  class space    used 8030K, committed 8256K, reserved 1048576K
}
Event: 10.875 GC heap before
{Heap before GC invocations=15 (full 0):
 garbage-first heap   total 68608K, used 54233K [0x00000000a2200000, 0x0000000100000000)
  region size 1024K, 33 young (33792K), 4 survivors (4096K)
 Metaspace       used 62434K, committed 62912K, reserved 1114112K
  class space    used 8542K, committed 8768K, reserved 1048576K
}
Event: 10.880 GC heap after
{Heap after GC invocations=16 (full 0):
 garbage-first heap   total 68608K, used 26491K [0x00000000a2200000, 0x0000000100000000)
  region size 1024K, 4 young (4096K), 4 survivors (4096K)
 Metaspace       used 62434K, committed 62912K, reserved 1114112K
  class space    used 8542K, committed 8768K, reserved 1048576K
}
Event: 10.902 GC heap before
{Heap before GC invocations=16 (full 0):
 garbage-first heap   total 68608K, used 26491K [0x00000000a2200000, 0x0000000100000000)
  region size 1024K, 5 young (5120K), 4 survivors (4096K)
 Metaspace       used 62648K, committed 63168K, reserved 1114112K
  class space    used 8573K, committed 8832K, reserved 1048576K
}
Event: 10.905 GC heap after
{Heap after GC invocations=17 (full 0):
 garbage-first heap   total 68608K, used 26638K [0x00000000a2200000, 0x0000000100000000)
  region size 1024K, 1 young (1024K), 1 survivors (1024K)
 Metaspace       used 62648K, committed 63168K, reserved 1114112K
  class space    used 8573K, committed 8832K, reserved 1048576K
}
Event: 11.071 GC heap before
{Heap before GC invocations=17 (full 0):
 garbage-first heap   total 68608K, used 54286K [0x00000000a2200000, 0x0000000100000000)
  region size 1024K, 28 young (28672K), 1 survivors (1024K)
 Metaspace       used 63907K, committed 64448K, reserved 1114112K
  class space    used 8888K, committed 9152K, reserved 1048576K
}
Event: 11.074 GC heap after
{Heap after GC invocations=18 (full 0):
 garbage-first heap   total 68608K, used 28105K [0x00000000a2200000, 0x0000000100000000)
  region size 1024K, 3 young (3072K), 3 survivors (3072K)
 Metaspace       used 63907K, committed 64448K, reserved 1114112K
  class space    used 8888K, committed 9152K, reserved 1048576K
}
Event: 11.598 GC heap before
{Heap before GC invocations=18 (full 0):
 garbage-first heap   total 68608K, used 52681K [0x00000000a2200000, 0x0000000100000000)
  region size 1024K, 28 young (28672K), 3 survivors (3072K)
 Metaspace       used 67454K, committed 67904K, reserved 1114112K
  class space    used 9366K, committed 9600K, reserved 1048576K
}
Event: 11.601 GC heap after
{Heap after GC invocations=19 (full 0):
 garbage-first heap   total 97280K, used 29224K [0x00000000a2200000, 0x0000000100000000)
  region size 1024K, 2 young (2048K), 2 survivors (2048K)
 Metaspace       used 67454K, committed 67904K, reserved 1114112K
  class space    used 9366K, committed 9600K, reserved 1048576K
}
Event: 48.707 GC heap before
{Heap before GC invocations=19 (full 0):
 garbage-first heap   total 97280K, used 73256K [0x00000000a2200000, 0x0000000100000000)
  region size 1024K, 46 young (47104K), 2 survivors (2048K)
 Metaspace       used 75169K, committed 75776K, reserved 1179648K
  class space    used 10396K, committed 10688K, reserved 1048576K
}
Event: 48.720 GC heap after
{Heap after GC invocations=20 (full 0):
 garbage-first heap   total 97280K, used 34087K [0x00000000a2200000, 0x0000000100000000)
  region size 1024K, 6 young (6144K), 6 survivors (6144K)
 Metaspace       used 75169K, committed 75776K, reserved 1179648K
  class space    used 10396K, committed 10688K, reserved 1048576K
}

