# JRE version: OpenJDK Runtime Environment Temurin-17.0.10+7 (17.0.10+7) (build 17.0.10+7)
# Java VM: OpenJDK 64-Bit Server VM Temurin-17.0.10+7 (17.0.10+7, mixed mode, emulated-client, tiered, compressed oops, compressed class ptrs, g1 gc, windows-amd64)
GC Precious Log:
 CPUs: 12 total, 12 available
 Memory: 6005M
 Large Page Support: Disabled
 NUMA Support: Disabled
 Compressed Oops: Enabled (32-bit)
 Heap Region Size: 1M
 Heap Min Capacity: 8M
 Heap Initial Capacity: 94M
 Heap Max Capacity: 1G
 Pre-touch: Disabled
 Parallel Workers: 10
 Concurrent Workers: 3
 Concurrent Refinement Workers: 10
 Periodic GC: Disabled
Heap:
 garbage-first heap   total 81920K, used 24131K [0x00000000c0000000, 0x0000000100000000)
  region size 1024K, 1 young (1024K), 0 survivors (0K)
 Metaspace       used 38734K, committed 39296K, reserved 1114112K
  class space    used 5090K, committed 5312K, reserved 1048576K
GC Heap History (20 events):
Event: 6731.630 GC heap before
{Heap before GC invocations=662 (full 652):
 garbage-first heap   total 81920K, used 24131K [0x00000000c0000000, 0x0000000100000000)
  region size 1024K, 1 young (1024K), 0 survivors (0K)
 Metaspace       used 38734K, committed 39296K, reserved 1114112K
  class space    used 5090K, committed 5312K, reserved 1048576K
}
Event: 6731.650 GC heap after
{Heap after GC invocations=663 (full 653):
 garbage-first heap   total 81920K, used 24131K [0x00000000c0000000, 0x0000000100000000)
  region size 1024K, 0 young (0K), 0 survivors (0K)
 Metaspace       used 38734K, committed 39296K, reserved 1114112K
  class space    used 5090K, committed 5312K, reserved 1048576K
}
Event: 6741.837 GC heap before
{Heap before GC invocations=663 (full 653):
 garbage-first heap   total 81920K, used 24131K [0x00000000c0000000, 0x0000000100000000)
  region size 1024K, 1 young (1024K), 0 survivors (0K)
 Metaspace       used 38734K, committed 39296K, reserved 1114112K
  class space    used 5090K, committed 5312K, reserved 1048576K
}
Event: 6741.856 GC heap after
{Heap after GC invocations=664 (full 654):
 garbage-first heap   total 81920K, used 24131K [0x00000000c0000000, 0x0000000100000000)
  region size 1024K, 0 young (0K), 0 survivors (0K)
 Metaspace       used 38734K, committed 39296K, reserved 1114112K
  class space    used 5090K, committed 5312K, reserved 1048576K
}
Event: 6752.055 GC heap before
{Heap before GC invocations=664 (full 654):
 garbage-first heap   total 81920K, used 24131K [0x00000000c0000000, 0x0000000100000000)
  region size 1024K, 1 young (1024K), 0 survivors (0K)
 Metaspace       used 38734K, committed 39296K, reserved 1114112K
  class space    used 5090K, committed 5312K, reserved 1048576K
}
Event: 6752.077 GC heap after
{Heap after GC invocations=665 (full 655):
 garbage-first heap   total 81920K, used 24131K [0x00000000c0000000, 0x0000000100000000)
  region size 1024K, 0 young (0K), 0 survivors (0K)
 Metaspace       used 38734K, committed 39296K, reserved 1114112K
  class space    used 5090K, committed 5312K, reserved 1048576K
}
Event: 6762.243 GC heap before
{Heap before GC invocations=665 (full 655):
 garbage-first heap   total 81920K, used 24131K [0x00000000c0000000, 0x0000000100000000)
  region size 1024K, 1 young (1024K), 0 survivors (0K)
 Metaspace       used 38734K, committed 39296K, reserved 1114112K
  class space    used 5090K, committed 5312K, reserved 1048576K
}
Event: 6762.259 GC heap after
{Heap after GC invocations=666 (full 656):
 garbage-first heap   total 81920K, used 24131K [0x00000000c0000000, 0x0000000100000000)
  region size 1024K, 0 young (0K), 0 survivors (0K)
 Metaspace       used 38734K, committed 39296K, reserved 1114112K
  class space    used 5090K, committed 5312K, reserved 1048576K
}
Event: 6772.423 GC heap before
{Heap before GC invocations=666 (full 656):
 garbage-first heap   total 81920K, used 24131K [0x00000000c0000000, 0x0000000100000000)
  region size 1024K, 1 young (1024K), 0 survivors (0K)
 Metaspace       used 38734K, committed 39296K, reserved 1114112K
  class space    used 5090K, committed 5312K, reserved 1048576K
}
Event: 6772.440 GC heap after
{Heap after GC invocations=667 (full 657):
 garbage-first heap   total 81920K, used 24131K [0x00000000c0000000, 0x0000000100000000)
  region size 1024K, 0 young (0K), 0 survivors (0K)
 Metaspace       used 38734K, committed 39296K, reserved 1114112K
  class space    used 5090K, committed 5312K, reserved 1048576K
}
Event: 6782.592 GC heap before
{Heap before GC invocations=667 (full 657):
 garbage-first heap   total 81920K, used 24131K [0x00000000c0000000, 0x0000000100000000)
  region size 1024K, 1 young (1024K), 0 survivors (0K)
 Metaspace       used 38734K, committed 39296K, reserved 1114112K
  class space    used 5090K, committed 5312K, reserved 1048576K
}
Event: 6782.610 GC heap after
{Heap after GC invocations=668 (full 658):
 garbage-first heap   total 81920K, used 24131K [0x00000000c0000000, 0x0000000100000000)
  region size 1024K, 0 young (0K), 0 survivors (0K)
 Metaspace       used 38734K, committed 39296K, reserved 1114112K
  class space    used 5090K, committed 5312K, reserved 1048576K
}
Event: 6792.775 GC heap before
{Heap before GC invocations=668 (full 658):
 garbage-first heap   total 81920K, used 24131K [0x00000000c0000000, 0x0000000100000000)
  region size 1024K, 1 young (1024K), 0 survivors (0K)
 Metaspace       used 38734K, committed 39296K, reserved 1114112K
  class space    used 5090K, committed 5312K, reserved 1048576K
}
Event: 6792.792 GC heap after
{Heap after GC invocations=669 (full 659):
 garbage-first heap   total 81920K, used 24131K [0x00000000c0000000, 0x0000000100000000)
  region size 1024K, 0 young (0K), 0 survivors (0K)
 Metaspace       used 38734K, committed 39296K, reserved 1114112K
  class space    used 5090K, committed 5312K, reserved 1048576K
}
Event: 6802.953 GC heap before
{Heap before GC invocations=669 (full 659):
 garbage-first heap   total 81920K, used 24131K [0x00000000c0000000, 0x0000000100000000)
  region size 1024K, 1 young (1024K), 0 survivors (0K)
 Metaspace       used 38734K, committed 39296K, reserved 1114112K
  class space    used 5090K, committed 5312K, reserved 1048576K
}
Event: 6802.970 GC heap after
{Heap after GC invocations=670 (full 660):
 garbage-first heap   total 81920K, used 24131K [0x00000000c0000000, 0x0000000100000000)
  region size 1024K, 0 young (0K), 0 survivors (0K)
 Metaspace       used 38734K, committed 39296K, reserved 1114112K
  class space    used 5090K, committed 5312K, reserved 1048576K
}
Event: 6813.154 GC heap before
{Heap before GC invocations=670 (full 660):
 garbage-first heap   total 81920K, used 24131K [0x00000000c0000000, 0x0000000100000000)
  region size 1024K, 1 young (1024K), 0 survivors (0K)
 Metaspace       used 38734K, committed 39296K, reserved 1114112K
  class space    used 5090K, committed 5312K, reserved 1048576K
}
Event: 6813.173 GC heap after
{Heap after GC invocations=671 (full 661):
 garbage-first heap   total 81920K, used 24131K [0x00000000c0000000, 0x0000000100000000)
  region size 1024K, 0 young (0K), 0 survivors (0K)
 Metaspace       used 38734K, committed 39296K, reserved 1114112K
  class space    used 5090K, committed 5312K, reserved 1048576K
}
Event: 6823.433 GC heap before
{Heap before GC invocations=671 (full 661):
 garbage-first heap   total 81920K, used 24131K [0x00000000c0000000, 0x0000000100000000)
  region size 1024K, 1 young (1024K), 0 survivors (0K)
 Metaspace       used 38734K, committed 39296K, reserved 1114112K
  class space    used 5090K, committed 5312K, reserved 1048576K
}
Event: 6823.453 GC heap after
{Heap after GC invocations=672 (full 662):
 garbage-first heap   total 81920K, used 24131K [0x00000000c0000000, 0x0000000100000000)
  region size 1024K, 0 young (0K), 0 survivors (0K)
 Metaspace       used 38734K, committed 39296K, reserved 1114112K
  class space    used 5090K, committed 5312K, reserved 1048576K
}

